# JRE version: OpenJDK Runtime Environment (17.0.7) (build 17.0.7+0-b2043.56-10550314)
# Java VM: OpenJDK 64-Bit Server VM (17.0.7+0-b2043.56-10550314, mixed mode, tiered, compressed oops, compressed class ptrs, g1 gc, windows-amd64)
GC Precious Log:
 CPUs: 8 total, 8 available
 Memory: 7948M
 Large Page Support: Disabled
 NUMA Support: Disabled
 Compressed Oops: Enabled (32-bit)
 Heap Region Size: 1M
 Heap Min Capacity: 8M
 Heap Initial Capacity: 126M
 Heap Max Capacity: 2G
 Pre-touch: Disabled
 Parallel Workers: 8
 Concurrent Workers: 2
 Concurrent Refinement Workers: 8
 Periodic GC: Disabled
Heap:
 garbage-first heap   total 337920K, used 207672K [0x0000000080000000, 0x0000000100000000)
  region size 1024K, 2 young (2048K), 2 survivors (2048K)
 Metaspace       used 157266K, committed 158464K, reserved 1245184K
  class space    used 22153K, committed 22720K, reserved 1048576K
GC Heap History (20 events):
Event: 213.937 GC heap after
{Heap after GC invocations=59 (full 0):
 garbage-first heap   total 224256K, used 135636K [0x0000000080000000, 0x0000000100000000)
  region size 1024K, 7 young (7168K), 7 survivors (7168K)
 Metaspace       used 133398K, committed 134400K, reserved 1179648K
  class space    used 18814K, committed 19328K, reserved 1048576K
}
Event: 222.088 GC heap before
{Heap before GC invocations=59 (full 0):
 garbage-first heap   total 224256K, used 188884K [0x0000000080000000, 0x0000000100000000)
  region size 1024K, 60 young (61440K), 7 survivors (7168K)
 Metaspace       used 133803K, committed 134848K, reserved 1179648K
  class space    used 18822K, committed 19328K, reserved 1048576K
}
Event: 222.117 GC heap after
{Heap after GC invocations=60 (full 0):
 garbage-first heap   total 224256K, used 140187K [0x0000000080000000, 0x0000000100000000)
  region size 1024K, 5 young (5120K), 5 survivors (5120K)
 Metaspace       used 133803K, committed 134848K, reserved 1179648K
  class space    used 18822K, committed 19328K, reserved 1048576K
}
Event: 223.181 GC heap before
{Heap before GC invocations=60 (full 0):
 garbage-first heap   total 224256K, used 162715K [0x0000000080000000, 0x0000000100000000)
  region size 1024K, 29 young (29696K), 5 survivors (5120K)
 Metaspace       used 134050K, committed 135104K, reserved 1179648K
  class space    used 18825K, committed 19328K, reserved 1048576K
}
Event: 223.198 GC heap after
{Heap after GC invocations=61 (full 0):
 garbage-first heap   total 224256K, used 140010K [0x0000000080000000, 0x0000000100000000)
  region size 1024K, 1 young (1024K), 1 survivors (1024K)
 Metaspace       used 134050K, committed 135104K, reserved 1179648K
  class space    used 18825K, committed 19328K, reserved 1048576K
}
Event: 746.458 GC heap before
{Heap before GC invocations=62 (full 0):
 garbage-first heap   total 293888K, used 252650K [0x0000000080000000, 0x0000000100000000)
  region size 1024K, 51 young (52224K), 1 survivors (1024K)
 Metaspace       used 136145K, committed 137280K, reserved 1179648K
  class space    used 19140K, committed 19712K, reserved 1048576K
}
Event: 746.514 GC heap after
{Heap after GC invocations=63 (full 0):
 garbage-first heap   total 293888K, used 172880K [0x0000000080000000, 0x0000000100000000)
  region size 1024K, 7 young (7168K), 7 survivors (7168K)
 Metaspace       used 136145K, committed 137280K, reserved 1179648K
  class space    used 19140K, committed 19712K, reserved 1048576K
}
Event: 746.668 GC heap before
{Heap before GC invocations=63 (full 0):
 garbage-first heap   total 293888K, used 179024K [0x0000000080000000, 0x0000000100000000)
  region size 1024K, 14 young (14336K), 7 survivors (7168K)
 Metaspace       used 136280K, committed 137344K, reserved 1179648K
  class space    used 19160K, committed 19712K, reserved 1048576K
}
Event: 746.754 GC heap after
{Heap after GC invocations=64 (full 0):
 garbage-first heap   total 293888K, used 168123K [0x0000000080000000, 0x0000000100000000)
  region size 1024K, 1 young (1024K), 1 survivors (1024K)
 Metaspace       used 136280K, committed 137344K, reserved 1179648K
  class space    used 19160K, committed 19712K, reserved 1048576K
}
Event: 749.043 GC heap before
{Heap before GC invocations=64 (full 0):
 garbage-first heap   total 293888K, used 241851K [0x0000000080000000, 0x0000000100000000)
  region size 1024K, 75 young (76800K), 1 survivors (1024K)
 Metaspace       used 143951K, committed 145152K, reserved 1179648K
  class space    used 20592K, committed 21184K, reserved 1048576K
}
Event: 749.064 GC heap after
{Heap after GC invocations=65 (full 0):
 garbage-first heap   total 293888K, used 172220K [0x0000000080000000, 0x0000000100000000)
  region size 1024K, 5 young (5120K), 5 survivors (5120K)
 Metaspace       used 143951K, committed 145152K, reserved 1179648K
  class space    used 20592K, committed 21184K, reserved 1048576K
}
Event: 750.039 GC heap before
{Heap before GC invocations=66 (full 0):
 garbage-first heap   total 306176K, used 251068K [0x0000000080000000, 0x0000000100000000)
  region size 1024K, 74 young (75776K), 5 survivors (5120K)
 Metaspace       used 149512K, committed 150720K, reserved 1179648K
  class space    used 21303K, committed 21888K, reserved 1048576K
}
Event: 750.057 GC heap after
{Heap after GC invocations=67 (full 0):
 garbage-first heap   total 306176K, used 189440K [0x0000000080000000, 0x0000000100000000)
  region size 1024K, 10 young (10240K), 10 survivors (10240K)
 Metaspace       used 149512K, committed 150720K, reserved 1179648K
  class space    used 21303K, committed 21888K, reserved 1048576K
}
Event: 750.126 GC heap before
{Heap before GC invocations=67 (full 0):
 garbage-first heap   total 306176K, used 193536K [0x0000000080000000, 0x0000000100000000)
  region size 1024K, 14 young (14336K), 10 survivors (10240K)
 Metaspace       used 149512K, committed 150720K, reserved 1179648K
  class space    used 21303K, committed 21888K, reserved 1048576K
}
Event: 750.154 GC heap after
{Heap after GC invocations=68 (full 0):
 garbage-first heap   total 306176K, used 176610K [0x0000000080000000, 0x0000000100000000)
  region size 1024K, 2 young (2048K), 2 survivors (2048K)
 Metaspace       used 149512K, committed 150720K, reserved 1179648K
  class space    used 21303K, committed 21888K, reserved 1048576K
}
Event: 751.171 GC heap before
{Heap before GC invocations=68 (full 0):
 garbage-first heap   total 306176K, used 252386K [0x0000000080000000, 0x0000000100000000)
  region size 1024K, 76 young (77824K), 2 survivors (2048K)
 Metaspace       used 151413K, committed 152576K, reserved 1245184K
  class space    used 21544K, committed 22080K, reserved 1048576K
}
Event: 751.186 GC heap after
{Heap after GC invocations=69 (full 0):
 garbage-first heap   total 306176K, used 193993K [0x0000000080000000, 0x0000000100000000)
  region size 1024K, 10 young (10240K), 10 survivors (10240K)
 Metaspace       used 151413K, committed 152576K, reserved 1245184K
  class space    used 21544K, committed 22080K, reserved 1048576K
}
Event: 751.917 GC heap before
{Heap before GC invocations=70 (full 0):
 garbage-first heap   total 337920K, used 255433K [0x0000000080000000, 0x0000000100000000)
  region size 1024K, 63 young (64512K), 10 survivors (10240K)
 Metaspace       used 156121K, committed 157248K, reserved 1245184K
  class space    used 22048K, committed 22592K, reserved 1048576K
}
Event: 751.937 GC heap after
{Heap after GC invocations=71 (full 0):
 garbage-first heap   total 337920K, used 208491K [0x0000000080000000, 0x0000000100000000)
  region size 1024K, 6 young (6144K), 6 survivors (6144K)
 Metaspace       used 156121K, committed 157248K, reserved 1245184K
  class space    used 22048K, committed 22592K, reserved 1048576K
}
Event: 752.058 GC heap before
{Heap before GC invocations=71 (full 0):
 garbage-first heap   total 337920K, used 217707K [0x0000000080000000, 0x0000000100000000)
  region size 1024K, 16 young (16384K), 6 survivors (6144K)
 Metaspace       used 157266K, committed 158464K, reserved 1245184K
  class space    used 22153K, committed 22720K, reserved 1048576K
}

