# JRE version: OpenJDK Runtime Environment (17.0.7) (build 17.0.7+0-b2043.56-10550314)
# Java VM: OpenJDK 64-Bit Server VM (17.0.7+0-b2043.56-10550314, mixed mode, tiered, compressed oops, compressed class ptrs, g1 gc, windows-amd64)
GC Precious Log:
 CPUs: 8 total, 8 available
 Memory: 7948M
 Large Page Support: Disabled
 NUMA Support: Disabled
 Compressed Oops: Enabled (32-bit)
 Heap Region Size: 1M
 Heap Min Capacity: 8M
 Heap Initial Capacity: 126M
 Heap Max Capacity: 2G
 Pre-touch: Disabled
 Parallel Workers: 8
 Concurrent Workers: 2
 Concurrent Refinement Workers: 8
 Periodic GC: Disabled
Heap:
 garbage-first heap   total 460800K, used 367471K [0x0000000080000000, 0x0000000100000000)
  region size 1024K, 112 young (114688K), 7 survivors (7168K)
 Metaspace       used 194517K, committed 195776K, reserved 1245184K
  class space    used 24907K, committed 25536K, reserved 1048576K
GC Heap History (20 events):
Event: 47.644 GC heap before
{Heap before GC invocations=64 (full 0):
 garbage-first heap   total 423936K, used 349913K [0x0000000080000000, 0x0000000100000000)
  region size 1024K, 116 young (118784K), 7 survivors (7168K)
 Metaspace       used 176153K, committed 177088K, reserved 1245184K
  class space    used 22776K, committed 23232K, reserved 1048576K
}
Event: 47.651 GC heap after
{Heap after GC invocations=65 (full 0):
 garbage-first heap   total 423936K, used 241574K [0x0000000080000000, 0x0000000100000000)
  region size 1024K, 10 young (10240K), 10 survivors (10240K)
 Metaspace       used 176153K, committed 177088K, reserved 1245184K
  class space    used 22776K, committed 23232K, reserved 1048576K
}
Event: 47.764 GC heap before
{Heap before GC invocations=65 (full 0):
 garbage-first heap   total 423936K, used 251814K [0x0000000080000000, 0x0000000100000000)
  region size 1024K, 20 young (20480K), 10 survivors (10240K)
 Metaspace       used 176153K, committed 177088K, reserved 1245184K
  class space    used 22776K, committed 23232K, reserved 1048576K
}
Event: 47.774 GC heap after
{Heap after GC invocations=66 (full 0):
 garbage-first heap   total 423936K, used 238333K [0x0000000080000000, 0x0000000100000000)
  region size 1024K, 3 young (3072K), 3 survivors (3072K)
 Metaspace       used 176153K, committed 177088K, reserved 1245184K
  class space    used 22776K, committed 23232K, reserved 1048576K
}
Event: 52.053 GC heap before
{Heap before GC invocations=66 (full 0):
 garbage-first heap   total 423936K, used 369405K [0x0000000080000000, 0x0000000100000000)
  region size 1024K, 114 young (116736K), 3 survivors (3072K)
 Metaspace       used 179473K, committed 180416K, reserved 1245184K
  class space    used 23136K, committed 23616K, reserved 1048576K
}
Event: 52.063 GC heap after
{Heap after GC invocations=67 (full 0):
 garbage-first heap   total 423936K, used 247643K [0x0000000080000000, 0x0000000100000000)
  region size 1024K, 13 young (13312K), 13 survivors (13312K)
 Metaspace       used 179473K, committed 180416K, reserved 1245184K
  class space    used 23136K, committed 23616K, reserved 1048576K
}
Event: 55.681 GC heap before
{Heap before GC invocations=67 (full 0):
 garbage-first heap   total 423936K, used 354139K [0x0000000080000000, 0x0000000100000000)
  region size 1024K, 113 young (115712K), 13 survivors (13312K)
 Metaspace       used 188056K, committed 189056K, reserved 1245184K
  class space    used 24218K, committed 24704K, reserved 1048576K
}
Event: 55.702 GC heap after
{Heap after GC invocations=68 (full 0):
 garbage-first heap   total 423936K, used 253591K [0x0000000080000000, 0x0000000100000000)
  region size 1024K, 6 young (6144K), 6 survivors (6144K)
 Metaspace       used 188056K, committed 189056K, reserved 1245184K
  class space    used 24218K, committed 24704K, reserved 1048576K
}
Event: 66.391 GC heap before
{Heap before GC invocations=68 (full 0):
 garbage-first heap   total 423936K, used 352919K [0x0000000080000000, 0x0000000100000000)
  region size 1024K, 104 young (106496K), 6 survivors (6144K)
 Metaspace       used 188931K, committed 189952K, reserved 1245184K
  class space    used 24254K, committed 24704K, reserved 1048576K
}
Event: 66.411 GC heap after
{Heap after GC invocations=69 (full 0):
 garbage-first heap   total 423936K, used 259012K [0x0000000080000000, 0x0000000100000000)
  region size 1024K, 12 young (12288K), 12 survivors (12288K)
 Metaspace       used 188931K, committed 189952K, reserved 1245184K
  class space    used 24254K, committed 24704K, reserved 1048576K
}
Event: 68.189 GC heap before
{Heap before GC invocations=70 (full 0):
 garbage-first heap   total 460800K, used 352196K [0x0000000080000000, 0x0000000100000000)
  region size 1024K, 104 young (106496K), 12 survivors (12288K)
 Metaspace       used 189002K, committed 190016K, reserved 1245184K
  class space    used 24257K, committed 24768K, reserved 1048576K
}
Event: 68.210 GC heap after
{Heap after GC invocations=71 (full 0):
 garbage-first heap   total 460800K, used 259936K [0x0000000080000000, 0x0000000100000000)
  region size 1024K, 8 young (8192K), 8 survivors (8192K)
 Metaspace       used 189002K, committed 190016K, reserved 1245184K
  class space    used 24257K, committed 24768K, reserved 1048576K
}
Event: 68.658 GC heap before
{Heap before GC invocations=71 (full 0):
 garbage-first heap   total 460800K, used 273248K [0x0000000080000000, 0x0000000100000000)
  region size 1024K, 22 young (22528K), 8 survivors (8192K)
 Metaspace       used 189031K, committed 190080K, reserved 1245184K
  class space    used 24257K, committed 24768K, reserved 1048576K
}
Event: 68.681 GC heap after
{Heap after GC invocations=72 (full 0):
 garbage-first heap   total 460800K, used 257614K [0x0000000080000000, 0x0000000100000000)
  region size 1024K, 3 young (3072K), 3 survivors (3072K)
 Metaspace       used 189031K, committed 190080K, reserved 1245184K
  class space    used 24257K, committed 24768K, reserved 1048576K
}
Event: 70.554 GC heap before
{Heap before GC invocations=72 (full 0):
 garbage-first heap   total 460800K, used 387662K [0x0000000080000000, 0x0000000100000000)
  region size 1024K, 131 young (134144K), 3 survivors (3072K)
 Metaspace       used 189109K, committed 190144K, reserved 1245184K
  class space    used 24263K, committed 24768K, reserved 1048576K
}
Event: 70.561 GC heap after
{Heap after GC invocations=73 (full 0):
 garbage-first heap   total 460800K, used 259862K [0x0000000080000000, 0x0000000100000000)
  region size 1024K, 5 young (5120K), 5 survivors (5120K)
 Metaspace       used 189109K, committed 190144K, reserved 1245184K
  class space    used 24263K, committed 24768K, reserved 1048576K
}
Event: 74.327 GC heap before
{Heap before GC invocations=73 (full 0):
 garbage-first heap   total 460800K, used 390934K [0x0000000080000000, 0x0000000100000000)
  region size 1024K, 134 young (137216K), 5 survivors (5120K)
 Metaspace       used 189460K, committed 190400K, reserved 1245184K
  class space    used 24303K, committed 24768K, reserved 1048576K
}
Event: 74.338 GC heap after
{Heap after GC invocations=74 (full 0):
 garbage-first heap   total 460800K, used 258927K [0x0000000080000000, 0x0000000100000000)
  region size 1024K, 4 young (4096K), 4 survivors (4096K)
 Metaspace       used 189460K, committed 190400K, reserved 1245184K
  class space    used 24303K, committed 24768K, reserved 1048576K
}
Event: 80.472 GC heap before
{Heap before GC invocations=74 (full 0):
 garbage-first heap   total 460800K, used 395119K [0x0000000080000000, 0x0000000100000000)
  region size 1024K, 138 young (141312K), 4 survivors (4096K)
 Metaspace       used 190057K, committed 191040K, reserved 1245184K
  class space    used 24345K, committed 24832K, reserved 1048576K
}
Event: 80.480 GC heap after
{Heap after GC invocations=75 (full 0):
 garbage-first heap   total 460800K, used 261999K [0x0000000080000000, 0x0000000100000000)
  region size 1024K, 7 young (7168K), 7 survivors (7168K)
 Metaspace       used 190057K, committed 191040K, reserved 1245184K
  class space    used 24345K, committed 24832K, reserved 1048576K
}

